<?xml version="1.0" encoding="UTF-8"?>
<coverage generated="1504430852286" clover="3.2.0">
  <project timestamp="1504430852287" name="All files">
    <metrics statements="37" coveredstatements="31" conditionals="18" coveredconditionals="16" methods="7" coveredmethods="6" elements="62" coveredelements="53" complexity="0" loc="37" ncloc="37" packages="1" files="1" classes="1">
      <file name="index.js" path="/lambdas/setHVACMode/src/index.js">
        <metrics statements="37" coveredstatements="31" conditionals="18" coveredconditionals="16" methods="7" coveredmethods="6"/>
        <line num="2" count="1" type="stmt"/>
        <line num="4" count="1" type="stmt"/>
        <line num="5" count="1" type="stmt"/>
        <line num="6" count="1" type="stmt"/>
        <line num="8" count="1" type="stmt"/>
        <line num="9" count="1" type="stmt"/>
        <line num="12" count="16" type="stmt"/>
        <line num="18" count="16" type="stmt"/>
        <line num="24" count="16" type="cond" truecount="4" falsecount="0"/>
        <line num="25" count="4" type="stmt"/>
        <line num="26" count="12" type="cond" truecount="4" falsecount="0"/>
        <line num="27" count="4" type="stmt"/>
        <line num="28" count="8" type="cond" truecount="4" falsecount="0"/>
        <line num="29" count="4" type="stmt"/>
        <line num="31" count="4" type="stmt"/>
        <line num="33" count="0" type="stmt"/>
        <line num="37" count="16" type="cond" truecount="2" falsecount="0"/>
        <line num="38" count="6" type="stmt"/>
        <line num="39" count="10" type="cond" truecount="2" falsecount="0"/>
        <line num="40" count="6" type="stmt"/>
        <line num="42" count="4" type="stmt"/>
        <line num="44" count="0" type="stmt"/>
        <line num="48" count="16" type="stmt"/>
        <line num="49" count="16" type="stmt"/>
        <line num="55" count="16" type="stmt"/>
        <line num="59" count="16" type="stmt"/>
        <line num="61" count="16" type="stmt"/>
        <line num="62" count="16" type="stmt"/>
        <line num="63" count="16" type="stmt"/>
        <line num="65" count="16" type="stmt"/>
        <line num="71" count="16" type="stmt"/>
        <line num="72" count="0" type="cond" truecount="0" falsecount="2"/>
        <line num="73" count="0" type="stmt"/>
        <line num="75" count="0" type="stmt"/>
        <line num="76" count="0" type="stmt"/>
        <line num="81" count="1" type="stmt"/>
        <line num="82" count="1" type="stmt"/>
      </file>
    </metrics>
  </project>
</coverage>
