{"/lambdas/setHVACMode/src/index.js": {"path":"/lambdas/setHVACMode/src/index.js","statementMap":{"0":{"start":{"line":3,"column":15},"end":{"line":3,"column":17}},"1":{"start":{"line":4,"column":12},"end":{"line":4,"column":22}},"2":{"start":{"line":5,"column":12},"end":{"line":5,"column":22}},"3":{"start":{"line":7,"column":17},"end":{"line":7,"column":37}},"4":{"start":{"line":8,"column":14},"end":{"line":8,"column":31}},"5":{"start":{"line":11,"column":2},"end":{"line":13,"column":5}},"6":{"start":{"line":17,"column":2},"end":{"line":19,"column":5}},"7":{"start":{"line":23,"column":2},"end":{"line":31,"column":3}},"8":{"start":{"line":24,"column":4},"end":{"line":24,"column":35}},"9":{"start":{"line":25,"column":9},"end":{"line":31,"column":3}},"10":{"start":{"line":26,"column":4},"end":{"line":26,"column":35}},"11":{"start":{"line":27,"column":9},"end":{"line":31,"column":3}},"12":{"start":{"line":28,"column":4},"end":{"line":28,"column":35}},"13":{"start":{"line":30,"column":4},"end":{"line":30,"column":35}},"14":{"start":{"line":32,"column":2},"end":{"line":32,"column":17}},"15":{"start":{"line":36,"column":2},"end":{"line":42,"column":3}},"16":{"start":{"line":37,"column":4},"end":{"line":37,"column":36}},"17":{"start":{"line":38,"column":9},"end":{"line":42,"column":3}},"18":{"start":{"line":39,"column":4},"end":{"line":39,"column":36}},"19":{"start":{"line":41,"column":4},"end":{"line":41,"column":35}},"20":{"start":{"line":43,"column":2},"end":{"line":43,"column":17}},"21":{"start":{"line":47,"column":13},"end":{"line":47,"column":50}},"22":{"start":{"line":48,"column":15},"end":{"line":52,"column":3}},"23":{"start":{"line":54,"column":2},"end":{"line":54,"column":33}},"24":{"start":{"line":58,"column":22},"end":{"line":58,"column":39}},"25":{"start":{"line":60,"column":16},"end":{"line":60,"column":18}},"26":{"start":{"line":61,"column":2},"end":{"line":61,"column":43}},"27":{"start":{"line":62,"column":2},"end":{"line":62,"column":47}},"28":{"start":{"line":64,"column":14},"end":{"line":68,"column":3}},"29":{"start":{"line":70,"column":2},"end":{"line":77,"column":5}},"30":{"start":{"line":71,"column":4},"end":{"line":76,"column":5}},"31":{"start":{"line":72,"column":6},"end":{"line":72,"column":38}},"32":{"start":{"line":74,"column":6},"end":{"line":74,"column":72}},"33":{"start":{"line":75,"column":6},"end":{"line":75,"column":24}},"34":{"start":{"line":80,"column":0},"end":{"line":80,"column":34}},"35":{"start":{"line":81,"column":0},"end":{"line":81,"column":24}}},"fnMap":{"0":{"name":"setMode","decl":{"start":{"line":10,"column":9},"end":{"line":10,"column":16}},"loc":{"start":{"line":10,"column":32},"end":{"line":14,"column":1}},"line":10},"1":{"name":"setFanSpeed","decl":{"start":{"line":16,"column":9},"end":{"line":16,"column":20}},"loc":{"start":{"line":16,"column":37},"end":{"line":20,"column":1}},"line":16},"2":{"name":"calcFanSpeed","decl":{"start":{"line":22,"column":9},"end":{"line":22,"column":21}},"loc":{"start":{"line":22,"column":44},"end":{"line":33,"column":1}},"line":22},"3":{"name":"calcMode","decl":{"start":{"line":35,"column":9},"end":{"line":35,"column":17}},"loc":{"start":{"line":35,"column":40},"end":{"line":44,"column":1}},"line":35},"4":{"name":"sendUpdate","decl":{"start":{"line":46,"column":9},"end":{"line":46,"column":19}},"loc":{"start":{"line":46,"column":39},"end":{"line":55,"column":1}},"line":46},"5":{"name":"setHVACMode","decl":{"start":{"line":57,"column":9},"end":{"line":57,"column":20}},"loc":{"start":{"line":57,"column":47},"end":{"line":78,"column":1}},"line":57},"6":{"name":"(anonymous_6)","decl":{"start":{"line":70,"column":20},"end":{"line":70,"column":21}},"loc":{"start":{"line":70,"column":42},"end":{"line":77,"column":3}},"line":70}},"branchMap":{"0":{"loc":{"start":{"line":23,"column":2},"end":{"line":31,"column":3}},"type":"if","locations":[{"start":{"line":23,"column":2},"end":{"line":31,"column":3}},{"start":{"line":23,"column":2},"end":{"line":31,"column":3}}],"line":23},"1":{"loc":{"start":{"line":23,"column":5},"end":{"line":23,"column":51}},"type":"binary-expr","locations":[{"start":{"line":23,"column":5},"end":{"line":23,"column":26}},{"start":{"line":23,"column":30},"end":{"line":23,"column":51}}],"line":23},"2":{"loc":{"start":{"line":25,"column":9},"end":{"line":31,"column":3}},"type":"if","locations":[{"start":{"line":25,"column":9},"end":{"line":31,"column":3}},{"start":{"line":25,"column":9},"end":{"line":31,"column":3}}],"line":25},"3":{"loc":{"start":{"line":25,"column":12},"end":{"line":25,"column":58}},"type":"binary-expr","locations":[{"start":{"line":25,"column":12},"end":{"line":25,"column":33}},{"start":{"line":25,"column":37},"end":{"line":25,"column":58}}],"line":25},"4":{"loc":{"start":{"line":27,"column":9},"end":{"line":31,"column":3}},"type":"if","locations":[{"start":{"line":27,"column":9},"end":{"line":31,"column":3}},{"start":{"line":27,"column":9},"end":{"line":31,"column":3}}],"line":27},"5":{"loc":{"start":{"line":27,"column":12},"end":{"line":27,"column":51}},"type":"binary-expr","locations":[{"start":{"line":27,"column":12},"end":{"line":27,"column":29}},{"start":{"line":27,"column":34},"end":{"line":27,"column":51}}],"line":27},"6":{"loc":{"start":{"line":36,"column":2},"end":{"line":42,"column":3}},"type":"if","locations":[{"start":{"line":36,"column":2},"end":{"line":42,"column":3}},{"start":{"line":36,"column":2},"end":{"line":42,"column":3}}],"line":36},"7":{"loc":{"start":{"line":38,"column":9},"end":{"line":42,"column":3}},"type":"if","locations":[{"start":{"line":38,"column":9},"end":{"line":42,"column":3}},{"start":{"line":38,"column":9},"end":{"line":42,"column":3}}],"line":38},"8":{"loc":{"start":{"line":71,"column":4},"end":{"line":76,"column":5}},"type":"if","locations":[{"start":{"line":71,"column":4},"end":{"line":76,"column":5}},{"start":{"line":71,"column":4},"end":{"line":76,"column":5}}],"line":71}},"s":{"0":1,"1":1,"2":1,"3":1,"4":1,"5":16,"6":16,"7":16,"8":4,"9":12,"10":4,"11":8,"12":4,"13":4,"14":0,"15":16,"16":6,"17":10,"18":6,"19":4,"20":0,"21":16,"22":16,"23":16,"24":16,"25":16,"26":16,"27":16,"28":16,"29":16,"30":0,"31":0,"32":0,"33":0,"34":1,"35":1},"f":{"0":16,"1":16,"2":16,"3":16,"4":16,"5":16,"6":0},"b":{"0":[4,12],"1":[16,14],"2":[4,8],"3":[12,10],"4":[4,4],"5":[8,6],"6":[6,10],"7":[6,4],"8":[0,0]},"_coverageSchema":"332fd63041d2c1bcb487cc26dd0d5f7d97098a6c","hash":"83258192d0ecf72652b54866d504cee2cc96891d"}
}
