{"/lambdas/setHVACMode/src/index.js": {"path":"/lambdas/setHVACMode/src/index.js","statementMap":{"0":{"start":{"line":2,"column":0},"end":{"line":2,"column":32}},"1":{"start":{"line":4,"column":15},"end":{"line":4,"column":17}},"2":{"start":{"line":5,"column":12},"end":{"line":5,"column":22}},"3":{"start":{"line":6,"column":12},"end":{"line":6,"column":22}},"4":{"start":{"line":8,"column":17},"end":{"line":8,"column":37}},"5":{"start":{"line":9,"column":14},"end":{"line":9,"column":31}},"6":{"start":{"line":12,"column":2},"end":{"line":14,"column":5}},"7":{"start":{"line":18,"column":2},"end":{"line":20,"column":5}},"8":{"start":{"line":24,"column":2},"end":{"line":32,"column":3}},"9":{"start":{"line":25,"column":4},"end":{"line":25,"column":35}},"10":{"start":{"line":26,"column":9},"end":{"line":32,"column":3}},"11":{"start":{"line":27,"column":4},"end":{"line":27,"column":35}},"12":{"start":{"line":28,"column":9},"end":{"line":32,"column":3}},"13":{"start":{"line":29,"column":4},"end":{"line":29,"column":35}},"14":{"start":{"line":31,"column":4},"end":{"line":31,"column":35}},"15":{"start":{"line":33,"column":2},"end":{"line":33,"column":17}},"16":{"start":{"line":37,"column":2},"end":{"line":43,"column":3}},"17":{"start":{"line":38,"column":4},"end":{"line":38,"column":36}},"18":{"start":{"line":39,"column":9},"end":{"line":43,"column":3}},"19":{"start":{"line":40,"column":4},"end":{"line":40,"column":36}},"20":{"start":{"line":42,"column":4},"end":{"line":42,"column":35}},"21":{"start":{"line":44,"column":2},"end":{"line":44,"column":17}},"22":{"start":{"line":48,"column":13},"end":{"line":48,"column":50}},"23":{"start":{"line":49,"column":15},"end":{"line":53,"column":3}},"24":{"start":{"line":55,"column":2},"end":{"line":55,"column":33}},"25":{"start":{"line":59,"column":22},"end":{"line":59,"column":39}},"26":{"start":{"line":61,"column":16},"end":{"line":61,"column":18}},"27":{"start":{"line":62,"column":2},"end":{"line":62,"column":43}},"28":{"start":{"line":63,"column":2},"end":{"line":63,"column":47}},"29":{"start":{"line":65,"column":14},"end":{"line":69,"column":3}},"30":{"start":{"line":71,"column":2},"end":{"line":78,"column":5}},"31":{"start":{"line":72,"column":4},"end":{"line":77,"column":5}},"32":{"start":{"line":73,"column":6},"end":{"line":73,"column":38}},"33":{"start":{"line":75,"column":6},"end":{"line":75,"column":72}},"34":{"start":{"line":76,"column":6},"end":{"line":76,"column":24}},"35":{"start":{"line":81,"column":0},"end":{"line":81,"column":34}},"36":{"start":{"line":82,"column":0},"end":{"line":82,"column":24}}},"fnMap":{"0":{"name":"setMode","decl":{"start":{"line":11,"column":9},"end":{"line":11,"column":16}},"loc":{"start":{"line":11,"column":32},"end":{"line":15,"column":1}},"line":11},"1":{"name":"setFanSpeed","decl":{"start":{"line":17,"column":9},"end":{"line":17,"column":20}},"loc":{"start":{"line":17,"column":37},"end":{"line":21,"column":1}},"line":17},"2":{"name":"calcFanSpeed","decl":{"start":{"line":23,"column":9},"end":{"line":23,"column":21}},"loc":{"start":{"line":23,"column":44},"end":{"line":34,"column":1}},"line":23},"3":{"name":"calcMode","decl":{"start":{"line":36,"column":9},"end":{"line":36,"column":17}},"loc":{"start":{"line":36,"column":40},"end":{"line":45,"column":1}},"line":36},"4":{"name":"sendUpdate","decl":{"start":{"line":47,"column":9},"end":{"line":47,"column":19}},"loc":{"start":{"line":47,"column":39},"end":{"line":56,"column":1}},"line":47},"5":{"name":"setHVACMode","decl":{"start":{"line":58,"column":9},"end":{"line":58,"column":20}},"loc":{"start":{"line":58,"column":47},"end":{"line":79,"column":1}},"line":58},"6":{"name":"(anonymous_6)","decl":{"start":{"line":71,"column":20},"end":{"line":71,"column":21}},"loc":{"start":{"line":71,"column":42},"end":{"line":78,"column":3}},"line":71}},"branchMap":{"0":{"loc":{"start":{"line":24,"column":2},"end":{"line":32,"column":3}},"type":"if","locations":[{"start":{"line":24,"column":2},"end":{"line":32,"column":3}},{"start":{"line":24,"column":2},"end":{"line":32,"column":3}}],"line":24},"1":{"loc":{"start":{"line":24,"column":5},"end":{"line":24,"column":51}},"type":"binary-expr","locations":[{"start":{"line":24,"column":5},"end":{"line":24,"column":26}},{"start":{"line":24,"column":30},"end":{"line":24,"column":51}}],"line":24},"2":{"loc":{"start":{"line":26,"column":9},"end":{"line":32,"column":3}},"type":"if","locations":[{"start":{"line":26,"column":9},"end":{"line":32,"column":3}},{"start":{"line":26,"column":9},"end":{"line":32,"column":3}}],"line":26},"3":{"loc":{"start":{"line":26,"column":12},"end":{"line":26,"column":58}},"type":"binary-expr","locations":[{"start":{"line":26,"column":12},"end":{"line":26,"column":33}},{"start":{"line":26,"column":37},"end":{"line":26,"column":58}}],"line":26},"4":{"loc":{"start":{"line":28,"column":9},"end":{"line":32,"column":3}},"type":"if","locations":[{"start":{"line":28,"column":9},"end":{"line":32,"column":3}},{"start":{"line":28,"column":9},"end":{"line":32,"column":3}}],"line":28},"5":{"loc":{"start":{"line":28,"column":12},"end":{"line":28,"column":51}},"type":"binary-expr","locations":[{"start":{"line":28,"column":12},"end":{"line":28,"column":29}},{"start":{"line":28,"column":34},"end":{"line":28,"column":51}}],"line":28},"6":{"loc":{"start":{"line":37,"column":2},"end":{"line":43,"column":3}},"type":"if","locations":[{"start":{"line":37,"column":2},"end":{"line":43,"column":3}},{"start":{"line":37,"column":2},"end":{"line":43,"column":3}}],"line":37},"7":{"loc":{"start":{"line":39,"column":9},"end":{"line":43,"column":3}},"type":"if","locations":[{"start":{"line":39,"column":9},"end":{"line":43,"column":3}},{"start":{"line":39,"column":9},"end":{"line":43,"column":3}}],"line":39},"8":{"loc":{"start":{"line":72,"column":4},"end":{"line":77,"column":5}},"type":"if","locations":[{"start":{"line":72,"column":4},"end":{"line":77,"column":5}},{"start":{"line":72,"column":4},"end":{"line":77,"column":5}}],"line":72}},"s":{"0":1,"1":1,"2":1,"3":1,"4":1,"5":1,"6":16,"7":16,"8":16,"9":4,"10":12,"11":4,"12":8,"13":4,"14":4,"15":0,"16":16,"17":6,"18":10,"19":6,"20":4,"21":0,"22":16,"23":16,"24":16,"25":16,"26":16,"27":16,"28":16,"29":16,"30":16,"31":0,"32":0,"33":0,"34":0,"35":1,"36":1},"f":{"0":16,"1":16,"2":16,"3":16,"4":16,"5":16,"6":0},"b":{"0":[4,12],"1":[16,14],"2":[4,8],"3":[12,10],"4":[4,4],"5":[8,6],"6":[6,10],"7":[6,4],"8":[0,0]},"_coverageSchema":"332fd63041d2c1bcb487cc26dd0d5f7d97098a6c","hash":"3a87d9c7e2c2734af4ae59ca8202ef72d3b83561"}
}
