TN:
SF:/lambdas/setHVACMode/src/index.js
FN:10,setMode
FN:16,setFanSpeed
FN:22,calcFanSpeed
FN:35,calcMode
FN:46,sendUpdate
FN:57,setHVACMode
FN:70,(anonymous_6)
FNF:7
FNH:6
FNDA:16,setMode
FNDA:16,setFanSpeed
FNDA:16,calcFanSpeed
FNDA:16,calcMode
FNDA:16,sendUpdate
FNDA:16,setHVACMode
FNDA:0,(anonymous_6)
DA:3,1
DA:4,1
DA:5,1
DA:7,1
DA:8,1
DA:11,16
DA:17,16
DA:23,16
DA:24,4
DA:25,12
DA:26,4
DA:27,8
DA:28,4
DA:30,4
DA:32,0
DA:36,16
DA:37,6
DA:38,10
DA:39,6
DA:41,4
DA:43,0
DA:47,16
DA:48,16
DA:54,16
DA:58,16
DA:60,16
DA:61,16
DA:62,16
DA:64,16
DA:70,16
DA:71,0
DA:72,0
DA:74,0
DA:75,0
DA:80,1
DA:81,1
LF:36
LH:30
BRDA:23,0,0,4
BRDA:23,0,1,12
BRDA:23,1,0,16
BRDA:23,1,1,14
BRDA:25,2,0,4
BRDA:25,2,1,8
BRDA:25,3,0,12
BRDA:25,3,1,10
BRDA:27,4,0,4
BRDA:27,4,1,4
BRDA:27,5,0,8
BRDA:27,5,1,6
BRDA:36,6,0,6
BRDA:36,6,1,10
BRDA:38,7,0,6
BRDA:38,7,1,4
BRDA:71,8,0,0
BRDA:71,8,1,0
BRF:18
BRH:16
end_of_record
