TN:
SF:/lambdas/setHVACMode/src/index.js
FN:11,setMode
FN:17,setFanSpeed
FN:23,calcFanSpeed
FN:36,calcMode
FN:47,sendUpdate
FN:58,setHVACMode
FN:71,(anonymous_6)
FNF:7
FNH:6
FNDA:16,setMode
FNDA:16,setFanSpeed
FNDA:16,calcFanSpeed
FNDA:16,calcMode
FNDA:16,sendUpdate
FNDA:16,setHVACMode
FNDA:0,(anonymous_6)
DA:2,1
DA:4,1
DA:5,1
DA:6,1
DA:8,1
DA:9,1
DA:12,16
DA:18,16
DA:24,16
DA:25,4
DA:26,12
DA:27,4
DA:28,8
DA:29,4
DA:31,4
DA:33,0
DA:37,16
DA:38,6
DA:39,10
DA:40,6
DA:42,4
DA:44,0
DA:48,16
DA:49,16
DA:55,16
DA:59,16
DA:61,16
DA:62,16
DA:63,16
DA:65,16
DA:71,16
DA:72,0
DA:73,0
DA:75,0
DA:76,0
DA:81,1
DA:82,1
LF:37
LH:31
BRDA:24,0,0,4
BRDA:24,0,1,12
BRDA:24,1,0,16
BRDA:24,1,1,14
BRDA:26,2,0,4
BRDA:26,2,1,8
BRDA:26,3,0,12
BRDA:26,3,1,10
BRDA:28,4,0,4
BRDA:28,4,1,4
BRDA:28,5,0,8
BRDA:28,5,1,6
BRDA:37,6,0,6
BRDA:37,6,1,10
BRDA:39,7,0,6
BRDA:39,7,1,4
BRDA:72,8,0,0
BRDA:72,8,1,0
BRF:18
BRH:16
end_of_record
